{
  "RSpec": {
    "coverage": {
      "/home/catherine-gloria/tic-tac-toe-rb-online-web-sp-000/lib/tic_tac_toe.rb": [
        null,
        1,
        null,
        null,
        null,
        null,
        null,
        null,
        null,
        null,
        null,
        1,
        16,
        16,
        16,
        16,
        16,
        null,
        null,
        1,
        16,
        null,
        null,
        1,
        0,
        null,
        null,
        1,
        156,
        140,
        16,
        16,
        null,
        null,
        null,
        1,
        1,
        1,
        null,
        1,
        null,
        16,
        0,
        16,
        16,
        16,
        null,
        0,
        null,
        null,
        null,
        null,
        1,
        16,
        16,
        144,
        25,
        null,
        null,
        16,
        null,
        null,
        1,
        16,
        null,
        null,
        1,
        16,
        16,
        16,
        16,
        null,
        0,
        0,
        0,
        null,
        null,
        16,
        null,
        null,
        1,
        50,
        324,
        324,
        324,
        null,
        324,
        324,
        324,
        null,
        324,
        16,
        null,
        null,
        34,
        34,
        null,
        null,
        null,
        1,
        131,
        null,
        null,
        1,
        18,
        2,
        null,
        16,
        null,
        null,
        null,
        1,
        17,
        5,
        12,
        3,
        9,
        9,
        null,
        null,
        null,
        1,
        4,
        4,
        4,
        4,
        null,
        0,
        null,
        null,
        null,
        null,
        1,
        12,
        16,
        null,
        null,
        12,
        5,
        null,
        7,
        null,
        null
      ]
    },
    "timestamp": 1598881387
  }
}
